Jul-14-2021 12:45:33: ERROR: Error occurred at URL: /Ajeeb%20Dastaans/payment
Jul-14-2021 12:45:34: ERROR: Error occurred at URL: /login
Jul-14-2021 12:45:34: ERROR: Error occurred at URL: /css/tickets.css
Jul-14-2021 12:45:34: ERROR: Error occurred at URL: /js/signup.js
Jul-14-2021 12:45:34: ERROR: Error occurred at URL: /css/signup.css
Jul-14-2021 12:45:34: ERROR: Error occurred at URL: /logo/logo.png
Jul-14-2021 12:45:39: ERROR: Error occurred at URL: /login
Jul-14-2021 12:45:40: ERROR: Error occurred at URL: /
Jul-14-2021 12:45:40: ERROR: Error occurred at URL: /js/signup.js
Jul-14-2021 12:45:40: ERROR: Error occurred at URL: /css/tickets.css
Jul-14-2021 12:45:40: ERROR: Error occurred at URL: /css/signup.css
Jul-14-2021 12:45:40: ERROR: Error occurred at URL: /swiper/swiper.min.css
Jul-14-2021 12:45:40: ERROR: Error occurred at URL: /css/home.css
Jul-14-2021 12:45:40: ERROR: Error occurred at URL: /swiper/swiper.min.js
Jul-14-2021 12:45:40: ERROR: Error occurred at URL: /logo/logo.png
Jul-14-2021 12:45:41: ERROR: Error occurred at URL: /Ajeeb%20Dastaans
Jul-14-2021 12:45:42: ERROR: Error occurred at URL: /js/signup.js
Jul-14-2021 12:45:42: ERROR: Error occurred at URL: /swiper/swiper.min.js
Jul-14-2021 12:45:42: ERROR: Error occurred at URL: /logo/logo.png
Jul-14-2021 12:45:42: ERROR: Error occurred at URL: /css/tickets.css
Jul-14-2021 12:45:42: ERROR: Error occurred at URL: /css/signup.css
Jul-14-2021 12:45:42: ERROR: Error occurred at URL: /swiper/swiper.min.css
Jul-14-2021 12:45:42: ERROR: Error occurred at URL: /css/movie_page.css
Jul-14-2021 12:45:44: ERROR: Error occurred at URL: /book/Ajeeb%20Dastaans
Jul-14-2021 12:45:44: ERROR: Error occurred at URL: /css/tickets.css
Jul-14-2021 12:45:44: ERROR: Error occurred at URL: /css/signup.css
Jul-14-2021 12:45:44: ERROR: Error occurred at URL: /css/book.css
Jul-14-2021 12:45:44: ERROR: Error occurred at URL: /swiper/swiper.min.css
Jul-14-2021 12:45:44: ERROR: Error occurred at URL: /js/signup.js
Jul-14-2021 12:45:44: ERROR: Error occurred at URL: /swiper/swiper.min.js
Jul-14-2021 12:45:44: ERROR: Error occurred at URL: /css/seatcss.css
Jul-14-2021 12:45:44: ERROR: Error occurred at URL: /logo/logo.png
Jul-14-2021 12:45:49: ERROR: Error occurred at URL: /Ajeeb%20Dastaans/payment
Jul-14-2021 12:45:49: ERROR: Error occurred at URL: /css/tickets.css
Jul-14-2021 12:45:49: ERROR: Error occurred at URL: /css/signup.css
Jul-14-2021 12:45:49: ERROR: Error occurred at URL: /swiper/swiper.min.css
Jul-14-2021 12:45:49: ERROR: Error occurred at URL: /js/signup.js
Jul-14-2021 12:45:49: ERROR: Error occurred at URL: /swiper/swiper.min.js
Jul-14-2021 12:45:49: ERROR: Error occurred at URL: /logo/logo.png
Jul-14-2021 12:45:49: ERROR: Error occurred at URL: /css/payment.css
Jul-14-2021 12:45:49: ERROR: Error occurred at URL: /Ajeeb%20Dastaans/image/x-icon
Jul-14-2021 12:47:18: ERROR: Error occurred at URL: /Ajeeb%20Dastaans/payment
Jul-14-2021 12:47:19: ERROR: Error occurred at URL: /js/signup.js
Jul-14-2021 12:47:19: ERROR: Error occurred at URL: /css/tickets.css
Jul-14-2021 12:47:19: ERROR: Error occurred at URL: /swiper/swiper.min.js
Jul-14-2021 12:47:19: ERROR: Error occurred at URL: /css/signup.css
Jul-14-2021 12:47:19: ERROR: Error occurred at URL: /swiper/swiper.min.css
Jul-14-2021 12:47:19: ERROR: Error occurred at URL: /css/payment.css
Jul-14-2021 12:47:19: ERROR: Error occurred at URL: /logo/logo.png
Jul-14-2021 12:47:19: ERROR: Error occurred at URL: /Ajeeb%20Dastaans/image/x-icon
Jul-14-2021 12:49:31: ERROR: Error occurred at URL: /Ajeeb%20Dastaans/payment
Jul-14-2021 12:49:31: ERROR: Error occurred at URL: /login
Jul-14-2021 12:49:31: ERROR: Error occurred at URL: /js/signup.js
Jul-14-2021 12:49:31: ERROR: Error occurred at URL: /css/tickets.css
Jul-14-2021 12:49:31: ERROR: Error occurred at URL: /css/signup.css
Jul-14-2021 12:49:31: ERROR: Error occurred at URL: /logo/logo.png
Jul-14-2021 12:49:37: ERROR: Error occurred at URL: /login
Jul-14-2021 12:49:37: ERROR: Error occurred at URL: /
Jul-14-2021 12:49:37: ERROR: Error occurred at URL: /css/tickets.css
Jul-14-2021 12:49:37: ERROR: Error occurred at URL: /css/signup.css
Jul-14-2021 12:49:37: ERROR: Error occurred at URL: /js/signup.js
Jul-14-2021 12:49:37: ERROR: Error occurred at URL: /swiper/swiper.min.js
Jul-14-2021 12:49:37: ERROR: Error occurred at URL: /logo/logo.png
Jul-14-2021 12:49:37: ERROR: Error occurred at URL: /swiper/swiper.min.css
Jul-14-2021 12:49:37: ERROR: Error occurred at URL: /css/home.css
Jul-14-2021 12:49:40: ERROR: Error occurred at URL: /Ajeeb%20Dastaans
Jul-14-2021 12:49:40: ERROR: Error occurred at URL: /css/tickets.css
Jul-14-2021 12:49:40: ERROR: Error occurred at URL: /css/signup.css
Jul-14-2021 12:49:40: ERROR: Error occurred at URL: /swiper/swiper.min.css
Jul-14-2021 12:49:40: ERROR: Error occurred at URL: /css/movie_page.css
Jul-14-2021 12:49:40: ERROR: Error occurred at URL: /js/signup.js
Jul-14-2021 12:49:40: ERROR: Error occurred at URL: /swiper/swiper.min.js
Jul-14-2021 12:49:40: ERROR: Error occurred at URL: /logo/logo.png
Jul-14-2021 12:49:44: ERROR: Error occurred at URL: /book/Ajeeb%20Dastaans
Jul-14-2021 12:49:44: ERROR: Error occurred at URL: /css/tickets.css
Jul-14-2021 12:49:44: ERROR: Error occurred at URL: /css/signup.css
Jul-14-2021 12:49:44: ERROR: Error occurred at URL: /css/book.css
Jul-14-2021 12:49:44: ERROR: Error occurred at URL: /swiper/swiper.min.css
Jul-14-2021 12:49:44: ERROR: Error occurred at URL: /js/signup.js
Jul-14-2021 12:49:44: ERROR: Error occurred at URL: /swiper/swiper.min.js
Jul-14-2021 12:49:44: ERROR: Error occurred at URL: /css/seatcss.css
Jul-14-2021 12:49:44: ERROR: Error occurred at URL: /logo/logo.png
Jul-14-2021 12:49:49: ERROR: Error occurred at URL: /Ajeeb%20Dastaans/payment
Jul-14-2021 12:49:49: ERROR: Error occurred at URL: /js/signup.js
Jul-14-2021 12:49:49: ERROR: Error occurred at URL: /swiper/swiper.min.js
Jul-14-2021 12:49:49: ERROR: Error occurred at URL: /css/tickets.css
Jul-14-2021 12:49:49: ERROR: Error occurred at URL: /css/signup.css
Jul-14-2021 12:49:49: ERROR: Error occurred at URL: /swiper/swiper.min.css
Jul-14-2021 12:49:49: ERROR: Error occurred at URL: /css/payment.css
Jul-14-2021 12:49:49: ERROR: Error occurred at URL: /logo/logo.png
Jul-14-2021 12:49:50: ERROR: Error occurred at URL: /Ajeeb%20Dastaans/image/x-icon
Jul-14-2021 12:50:26: ERROR: Error occurred at URL: /Ajeeb%20Dastaans/payment
Jul-14-2021 12:50:26: ERROR: Error occurred at URL: /js/signup.js
Jul-14-2021 12:51:00: ERROR: Error occurred at URL: /css/book.css
Jul-14-2021 12:51:05: ERROR: Error occurred at URL: /Ajeeb%20Dastaans/payment
Jul-14-2021 12:51:06: ERROR: Error occurred at URL: /css/tickets.css
Jul-14-2021 12:51:06: ERROR: Error occurred at URL: /css/signup.css
Jul-14-2021 12:51:06: ERROR: Error occurred at URL: /swiper/swiper.min.css
Jul-14-2021 12:51:06: ERROR: Error occurred at URL: /css/payment.css
Jul-14-2021 12:51:06: ERROR: Error occurred at URL: /js/signup.js
Jul-14-2021 12:51:06: ERROR: Error occurred at URL: /swiper/swiper.min.js
Jul-14-2021 12:51:06: ERROR: Error occurred at URL: /logo/logo.png
Jul-14-2021 12:52:30: ERROR: Error occurred at URL: /css/book.css
Jul-14-2021 12:52:32: ERROR: Error occurred at URL: /book/Ajeeb%20Dastaans
Jul-14-2021 12:52:32: ERROR: Error occurred at URL: /login
Jul-14-2021 12:52:33: ERROR: Error occurred at URL: /css/tickets.css
Jul-14-2021 12:52:33: ERROR: Error occurred at URL: /css/signup.css
Jul-14-2021 12:52:33: ERROR: Error occurred at URL: /js/signup.js
Jul-14-2021 12:52:33: ERROR: Error occurred at URL: /logo/logo.png
Jul-14-2021 12:52:38: ERROR: Error occurred at URL: /login
Jul-14-2021 12:52:39: ERROR: Error occurred at URL: /
Jul-14-2021 12:52:39: ERROR: Error occurred at URL: /css/tickets.css
Jul-14-2021 12:52:39: ERROR: Error occurred at URL: /css/signup.css
Jul-14-2021 12:52:39: ERROR: Error occurred at URL: /swiper/swiper.min.css
Jul-14-2021 12:52:39: ERROR: Error occurred at URL: /js/signup.js
Jul-14-2021 12:52:39: ERROR: Error occurred at URL: /css/home.css
Jul-14-2021 12:52:39: ERROR: Error occurred at URL: /swiper/swiper.min.js
Jul-14-2021 12:52:39: ERROR: Error occurred at URL: /logo/logo.png
Jul-14-2021 12:52:44: ERROR: Error occurred at URL: /Ajeeb%20Dastaans
Jul-14-2021 12:52:44: ERROR: Error occurred at URL: /css/tickets.css
Jul-14-2021 12:52:44: ERROR: Error occurred at URL: /css/signup.css
Jul-14-2021 12:52:44: ERROR: Error occurred at URL: /swiper/swiper.min.css
Jul-14-2021 12:52:44: ERROR: Error occurred at URL: /js/signup.js
Jul-14-2021 12:52:44: ERROR: Error occurred at URL: /swiper/swiper.min.js
Jul-14-2021 12:52:44: ERROR: Error occurred at URL: /logo/logo.png
Jul-14-2021 12:52:44: ERROR: Error occurred at URL: /css/movie_page.css
Jul-14-2021 12:52:48: ERROR: Error occurred at URL: /book/Ajeeb%20Dastaans
Jul-14-2021 12:52:48: ERROR: Error occurred at URL: /css/tickets.css
Jul-14-2021 12:52:48: ERROR: Error occurred at URL: /css/signup.css
Jul-14-2021 12:52:48: ERROR: Error occurred at URL: /css/book.css
Jul-14-2021 12:52:48: ERROR: Error occurred at URL: /swiper/swiper.min.css
Jul-14-2021 12:52:48: ERROR: Error occurred at URL: /css/seatcss.css
Jul-14-2021 12:52:48: ERROR: Error occurred at URL: /js/signup.js
Jul-14-2021 12:52:48: ERROR: Error occurred at URL: /swiper/swiper.min.js
Jul-14-2021 12:52:48: ERROR: Error occurred at URL: /logo/logo.png
Jul-14-2021 12:52:55: ERROR: Error occurred at URL: /Ajeeb%20Dastaans/payment
Jul-14-2021 12:52:55: ERROR: Error occurred at URL: /css/tickets.css
Jul-14-2021 12:52:55: ERROR: Error occurred at URL: /css/signup.css
Jul-14-2021 12:52:55: ERROR: Error occurred at URL: /swiper/swiper.min.css
Jul-14-2021 12:52:55: ERROR: Error occurred at URL: /js/signup.js
Jul-14-2021 12:52:55: ERROR: Error occurred at URL: /swiper/swiper.min.js
Jul-14-2021 12:52:55: ERROR: Error occurred at URL: /logo/logo.png
Jul-14-2021 12:52:55: ERROR: Error occurred at URL: /css/payment.css
Jul-14-2021 12:52:55: ERROR: Error occurred at URL: /Ajeeb%20Dastaans/image/x-icon
Jul-14-2021 12:54:21: ERROR: Error occurred at URL: /Ajeeb%20Dastaans/payment
Jul-14-2021 12:54:21: ERROR: Error occurred at URL: /css/tickets.css
Jul-14-2021 12:54:21: ERROR: Error occurred at URL: /css/signup.css
Jul-14-2021 12:54:21: ERROR: Error occurred at URL: /css/payment.css
Jul-14-2021 12:54:21: ERROR: Error occurred at URL: /swiper/swiper.min.js
Jul-14-2021 12:54:21: ERROR: Error occurred at URL: /js/signup.js
Jul-14-2021 12:54:21: ERROR: Error occurred at URL: /swiper/swiper.min.css
Jul-14-2021 12:54:21: ERROR: Error occurred at URL: /logo/logo.png
Jul-14-2021 12:57:38: ERROR: Error occurred at URL: /Ajeeb%20Dastaans/payment
Jul-14-2021 12:57:38: ERROR: Error occurred at URL: /login
Jul-14-2021 12:57:38: ERROR: Error occurred at URL: /css/tickets.css
Jul-14-2021 12:57:38: ERROR: Error occurred at URL: /css/signup.css
Jul-14-2021 12:57:38: ERROR: Error occurred at URL: /js/signup.js
Jul-14-2021 12:57:38: ERROR: Error occurred at URL: /logo/logo.png
Jul-14-2021 12:57:39: ERROR: Error occurred at URL: /icons/movie_industry.ico
Jul-14-2021 12:57:46: ERROR: Error occurred at URL: /login
Jul-14-2021 12:57:46: ERROR: Error occurred at URL: /
Jul-14-2021 12:57:47: ERROR: Error occurred at URL: /js/signup.js
Jul-14-2021 12:57:47: ERROR: Error occurred at URL: /css/signup.css
Jul-14-2021 12:57:47: ERROR: Error occurred at URL: /css/tickets.css
Jul-14-2021 12:57:47: ERROR: Error occurred at URL: /swiper/swiper.min.css
Jul-14-2021 12:57:47: ERROR: Error occurred at URL: /css/home.css
Jul-14-2021 12:57:47: ERROR: Error occurred at URL: /swiper/swiper.min.js
Jul-14-2021 12:57:47: ERROR: Error occurred at URL: /logo/logo.png
Jul-14-2021 12:57:48: ERROR: Error occurred at URL: /Ajeeb%20Dastaans
Jul-14-2021 12:57:48: ERROR: Error occurred at URL: /js/signup.js
Jul-14-2021 12:57:48: ERROR: Error occurred at URL: /swiper/swiper.min.js
Jul-14-2021 12:57:48: ERROR: Error occurred at URL: /css/tickets.css
Jul-14-2021 12:57:48: ERROR: Error occurred at URL: /css/signup.css
Jul-14-2021 12:57:48: ERROR: Error occurred at URL: /swiper/swiper.min.css
Jul-14-2021 12:57:48: ERROR: Error occurred at URL: /css/movie_page.css
Jul-14-2021 12:57:48: ERROR: Error occurred at URL: /logo/logo.png
Jul-14-2021 12:57:49: ERROR: Error occurred at URL: /image/x-icon
Jul-14-2021 12:57:50: ERROR: Error occurred at URL: /book/Ajeeb%20Dastaans
Jul-14-2021 12:57:50: ERROR: Error occurred at URL: /css/tickets.css
Jul-14-2021 12:57:50: ERROR: Error occurred at URL: /css/signup.css
Jul-14-2021 12:57:50: ERROR: Error occurred at URL: /css/book.css
Jul-14-2021 12:57:50: ERROR: Error occurred at URL: /swiper/swiper.min.css
Jul-14-2021 12:57:50: ERROR: Error occurred at URL: /js/signup.js
Jul-14-2021 12:57:50: ERROR: Error occurred at URL: /css/seatcss.css
Jul-14-2021 12:57:50: ERROR: Error occurred at URL: /swiper/swiper.min.js
Jul-14-2021 12:57:50: ERROR: Error occurred at URL: /logo/logo.png
Jul-14-2021 12:57:50: ERROR: Error occurred at URL: /book/image/x-icon
Jul-14-2021 12:58:01: ERROR: Error occurred at URL: /Ajeeb%20Dastaans/payment
Jul-14-2021 12:58:01: ERROR: Error occurred at URL: /Ajeeb%20Dastaans/payment
Jul-14-2021 12:58:29: ERROR: Error occurred at URL: /book/Ajeeb%20Dastaans
Jul-14-2021 12:58:29: ERROR: Error occurred at URL: /login
Jul-14-2021 12:58:30: ERROR: Error occurred at URL: /css/tickets.css
Jul-14-2021 12:58:30: ERROR: Error occurred at URL: /css/signup.css
Jul-14-2021 12:58:30: ERROR: Error occurred at URL: /js/signup.js
Jul-14-2021 12:58:30: ERROR: Error occurred at URL: /logo/logo.png
Jul-14-2021 12:58:35: ERROR: Error occurred at URL: /login
Jul-14-2021 12:58:35: ERROR: Error occurred at URL: /
Jul-14-2021 12:58:36: ERROR: Error occurred at URL: /js/signup.js
Jul-14-2021 12:58:36: ERROR: Error occurred at URL: /swiper/swiper.min.js
Jul-14-2021 12:58:36: ERROR: Error occurred at URL: /css/tickets.css
Jul-14-2021 12:58:36: ERROR: Error occurred at URL: /css/signup.css
Jul-14-2021 12:58:36: ERROR: Error occurred at URL: /swiper/swiper.min.css
Jul-14-2021 12:58:36: ERROR: Error occurred at URL: /css/home.css
Jul-14-2021 12:58:36: ERROR: Error occurred at URL: /logo/logo.png
Jul-14-2021 12:58:37: ERROR: Error occurred at URL: /Ajeeb%20Dastaans
Jul-14-2021 12:58:38: ERROR: Error occurred at URL: /js/signup.js
Jul-14-2021 12:58:38: ERROR: Error occurred at URL: /swiper/swiper.min.js
Jul-14-2021 12:58:38: ERROR: Error occurred at URL: /css/tickets.css
Jul-14-2021 12:58:38: ERROR: Error occurred at URL: /css/signup.css
Jul-14-2021 12:58:38: ERROR: Error occurred at URL: /swiper/swiper.min.css
Jul-14-2021 12:58:38: ERROR: Error occurred at URL: /css/movie_page.css
Jul-14-2021 12:58:38: ERROR: Error occurred at URL: /logo/logo.png
Jul-14-2021 12:58:50: ERROR: Error occurred at URL: /book/Ajeeb%20Dastaans
Jul-14-2021 12:58:50: ERROR: Error occurred at URL: /css/tickets.css
Jul-14-2021 12:58:50: ERROR: Error occurred at URL: /css/signup.css
Jul-14-2021 12:58:50: ERROR: Error occurred at URL: /css/book.css
Jul-14-2021 12:58:50: ERROR: Error occurred at URL: /swiper/swiper.min.css
Jul-14-2021 12:58:50: ERROR: Error occurred at URL: /js/signup.js
Jul-14-2021 12:58:50: ERROR: Error occurred at URL: /css/seatcss.css
Jul-14-2021 12:58:50: ERROR: Error occurred at URL: /swiper/swiper.min.js
Jul-14-2021 12:58:50: ERROR: Error occurred at URL: /logo/logo.png
Jul-14-2021 12:58:56: ERROR: Error occurred at URL: /Ajeeb%20Dastaans/payment
Jul-14-2021 12:58:56: ERROR: Error occurred at URL: /Ajeeb%20Dastaans/payment
Jul-14-2021 13:06:43: ERROR: Error occurred at URL: /book/Ajeeb%20Dastaans
Jul-14-2021 13:06:43: ERROR: Error occurred at URL: /login
Jul-14-2021 13:06:44: ERROR: Error occurred at URL: /css/tickets.css
Jul-14-2021 13:06:44: ERROR: Error occurred at URL: /css/signup.css
Jul-14-2021 13:06:44: ERROR: Error occurred at URL: /js/signup.js
Jul-14-2021 13:06:44: ERROR: Error occurred at URL: /logo/logo.png
Jul-14-2021 13:06:45: ERROR: Error occurred at URL: /icons/movie_industry.ico
Jul-14-2021 13:06:50: ERROR: Error occurred at URL: /login
Jul-14-2021 13:06:50: ERROR: Error occurred at URL: /
Jul-14-2021 13:06:50: ERROR: Error occurred at URL: /js/signup.js
Jul-14-2021 13:06:50: ERROR: Error occurred at URL: /swiper/swiper.min.css
Jul-14-2021 13:06:50: ERROR: Error occurred at URL: /css/tickets.css
Jul-14-2021 13:06:50: ERROR: Error occurred at URL: /css/signup.css
Jul-14-2021 13:06:50: ERROR: Error occurred at URL: /css/home.css
Jul-14-2021 13:06:50: ERROR: Error occurred at URL: /swiper/swiper.min.js
Jul-14-2021 13:06:50: ERROR: Error occurred at URL: /logo/logo.png
Jul-14-2021 13:06:52: ERROR: Error occurred at URL: /Ajeeb%20Dastaans
Jul-14-2021 13:06:52: ERROR: Error occurred at URL: /js/signup.js
Jul-14-2021 13:06:52: ERROR: Error occurred at URL: /swiper/swiper.min.js
Jul-14-2021 13:06:52: ERROR: Error occurred at URL: /css/tickets.css
Jul-14-2021 13:06:52: ERROR: Error occurred at URL: /css/signup.css
Jul-14-2021 13:06:52: ERROR: Error occurred at URL: /swiper/swiper.min.css
Jul-14-2021 13:06:52: ERROR: Error occurred at URL: /css/movie_page.css
Jul-14-2021 13:06:52: ERROR: Error occurred at URL: /logo/logo.png
Jul-14-2021 13:06:52: ERROR: Error occurred at URL: /image/x-icon
Jul-14-2021 13:06:53: ERROR: Error occurred at URL: /book/Ajeeb%20Dastaans
Jul-14-2021 13:06:54: ERROR: Error occurred at URL: /css/tickets.css
Jul-14-2021 13:06:54: ERROR: Error occurred at URL: /css/signup.css
Jul-14-2021 13:06:54: ERROR: Error occurred at URL: /css/book.css
Jul-14-2021 13:06:54: ERROR: Error occurred at URL: /swiper/swiper.min.css
Jul-14-2021 13:06:54: ERROR: Error occurred at URL: /js/signup.js
Jul-14-2021 13:06:54: ERROR: Error occurred at URL: /css/seatcss.css
Jul-14-2021 13:06:54: ERROR: Error occurred at URL: /swiper/swiper.min.js
Jul-14-2021 13:06:54: ERROR: Error occurred at URL: /logo/logo.png
Jul-14-2021 13:06:54: ERROR: Error occurred at URL: /book/image/x-icon
Jul-14-2021 13:07:06: ERROR: Error occurred at URL: /payment
Jul-14-2021 13:07:36: ERROR: Error occurred at URL: /css/book.css
Jul-14-2021 13:07:36: ERROR: Error occurred at URL: /css/seatcss.css
Jul-14-2021 13:07:37: ERROR: Error occurred at URL: /book/image/x-icon
Jul-14-2021 13:07:40: ERROR: Error occurred at URL: /payment
Jul-14-2021 13:07:43: ERROR: Error occurred at URL: /css/book.css
Jul-14-2021 13:07:43: ERROR: Error occurred at URL: /book/image/x-icon
Jul-14-2021 13:07:45: ERROR: Error occurred at URL: /book/Ajeeb%20Dastaans
Jul-14-2021 13:07:46: ERROR: Error occurred at URL: /css/tickets.css
Jul-14-2021 13:07:46: ERROR: Error occurred at URL: /css/signup.css
Jul-14-2021 13:07:46: ERROR: Error occurred at URL: /swiper/swiper.min.js
Jul-14-2021 13:07:46: ERROR: Error occurred at URL: /css/book.css
Jul-14-2021 13:07:46: ERROR: Error occurred at URL: /swiper/swiper.min.css
Jul-14-2021 13:07:46: ERROR: Error occurred at URL: /css/seatcss.css
Jul-14-2021 13:07:46: ERROR: Error occurred at URL: /js/signup.js
Jul-14-2021 13:07:46: ERROR: Error occurred at URL: /logo/logo.png
Jul-14-2021 13:07:51: ERROR: Error occurred at URL: /Ajeeb%20Dastaans/payment
Jul-14-2021 13:07:51: ERROR: Error occurred at URL: /Ajeeb%20Dastaans/payment
Jul-14-2021 13:07:51: ERROR: Error occurred at URL: /js/signup.js
Jul-14-2021 13:07:51: ERROR: Error occurred at URL: /swiper/swiper.min.js
Jul-14-2021 13:07:51: ERROR: Error occurred at URL: /css/tickets.css
Jul-14-2021 13:07:51: ERROR: Error occurred at URL: /css/signup.css
Jul-14-2021 13:07:51: ERROR: Error occurred at URL: /css/payment.css
Jul-14-2021 13:07:51: ERROR: Error occurred at URL: /swiper/swiper.min.css
Jul-14-2021 13:07:51: ERROR: Error occurred at URL: /logo/logo.png
Jul-14-2021 13:07:51: ERROR: Error occurred at URL: /Ajeeb%20Dastaans/image/x-icon
Jul-14-2021 13:08:14: ERROR: Error occurred at URL: /book/Ajeeb%20Dastaans
Jul-14-2021 13:08:15: ERROR: Error occurred at URL: /css/book.css
Jul-14-2021 13:08:15: ERROR: Error occurred at URL: /book/image/x-icon
Jul-14-2021 13:08:18: ERROR: Error occurred at URL: /book/Ajeeb%20Dastaans
Jul-14-2021 13:08:19: ERROR: Error occurred at URL: /css/book.css
Jul-14-2021 13:08:19: ERROR: Error occurred at URL: /js/signup.js
Jul-14-2021 13:08:19: ERROR: Error occurred at URL: /css/seatcss.css
Jul-14-2021 13:08:19: ERROR: Error occurred at URL: /css/tickets.css
Jul-14-2021 13:08:19: ERROR: Error occurred at URL: /swiper/swiper.min.js
Jul-14-2021 13:08:19: ERROR: Error occurred at URL: /css/signup.css
Jul-14-2021 13:08:19: ERROR: Error occurred at URL: /swiper/swiper.min.css
Jul-14-2021 13:08:19: ERROR: Error occurred at URL: /logo/logo.png
Jul-14-2021 13:08:19: ERROR: Error occurred at URL: /book/image/x-icon
Jul-14-2021 13:08:23: ERROR: Error occurred at URL: /Ajeeb%20Dastaans/payment
Jul-14-2021 13:08:23: ERROR: Error occurred at URL: /Ajeeb%20Dastaans/payment
Jul-14-2021 13:08:23: ERROR: Error occurred at URL: /css/tickets.css
Jul-14-2021 13:08:23: ERROR: Error occurred at URL: /css/signup.css
Jul-14-2021 13:08:23: ERROR: Error occurred at URL: /swiper/swiper.min.css
Jul-14-2021 13:08:23: ERROR: Error occurred at URL: /js/signup.js
Jul-14-2021 13:08:23: ERROR: Error occurred at URL: /swiper/swiper.min.js
Jul-14-2021 13:08:23: ERROR: Error occurred at URL: /css/payment.css
Jul-14-2021 13:08:23: ERROR: Error occurred at URL: /logo/logo.png
Jul-14-2021 13:08:24: ERROR: Error occurred at URL: /Ajeeb%20Dastaans/image/x-icon
Jul-14-2021 14:49:50: ERROR: Error occurred at URL: /Ajeeb%20Dastaans/payment
Jul-14-2021 14:49:50: ERROR: Error occurred at URL: /css/tickets.css
Jul-14-2021 14:49:50: ERROR: Error occurred at URL: /css/signup.css
Jul-14-2021 14:49:50: ERROR: Error occurred at URL: /swiper/swiper.min.css
Jul-14-2021 14:49:50: ERROR: Error occurred at URL: /css/payment.css
Jul-14-2021 14:49:50: ERROR: Error occurred at URL: /js/signup.js
Jul-14-2021 14:49:50: ERROR: Error occurred at URL: /swiper/swiper.min.js
Jul-14-2021 14:49:50: ERROR: Error occurred at URL: /logo/logo.png
Jul-14-2021 14:49:50: ERROR: Error occurred at URL: /Ajeeb%20Dastaans/image/x-icon
Jul-14-2021 14:50:36: ERROR: Error occurred at URL: /Ajeeb%20Dastaans/payment
Jul-14-2021 14:50:37: ERROR: Error occurred at URL: /css/signup.css
Jul-14-2021 14:50:37: ERROR: Error occurred at URL: /js/signup.js
Jul-14-2021 14:50:37: ERROR: Error occurred at URL: /swiper/swiper.min.js
Jul-14-2021 14:50:37: ERROR: Error occurred at URL: /css/tickets.css
Jul-14-2021 14:50:37: ERROR: Error occurred at URL: /swiper/swiper.min.css
Jul-14-2021 14:50:37: ERROR: Error occurred at URL: /css/payment.css
Jul-14-2021 14:50:37: ERROR: Error occurred at URL: /logo/logo.png
Jul-14-2021 14:59:25: ERROR: Error occurred at URL: /success
Jul-14-2021 15:01:50: ERROR: Error occurred at URL: /Ajeeb%20Dastaans/payment
Jul-14-2021 15:01:56: ERROR: Error occurred at URL: /book/Ajeeb%20Dastaans
Jul-14-2021 15:01:56: ERROR: Error occurred at URL: /css/book.css
Jul-14-2021 15:01:56: ERROR: Error occurred at URL: /book/image/x-icon
Jul-14-2021 15:02:00: ERROR: Error occurred at URL: /Ajeeb%20Dastaans/payment
Jul-14-2021 15:02:00: ERROR: Error occurred at URL: /login
Jul-14-2021 15:02:00: ERROR: Error occurred at URL: /js/signup.js
Jul-14-2021 15:02:00: ERROR: Error occurred at URL: /css/tickets.css
Jul-14-2021 15:02:00: ERROR: Error occurred at URL: /css/signup.css
Jul-14-2021 15:02:00: ERROR: Error occurred at URL: /logo/logo.png
Jul-14-2021 15:02:07: ERROR: Error occurred at URL: /login
Jul-14-2021 15:02:07: ERROR: Error occurred at URL: /
Jul-14-2021 15:02:07: ERROR: Error occurred at URL: /css/tickets.css
Jul-14-2021 15:02:07: ERROR: Error occurred at URL: /css/signup.css
Jul-14-2021 15:02:07: ERROR: Error occurred at URL: /js/signup.js
Jul-14-2021 15:02:07: ERROR: Error occurred at URL: /swiper/swiper.min.js
Jul-14-2021 15:02:07: ERROR: Error occurred at URL: /swiper/swiper.min.css
Jul-14-2021 15:02:07: ERROR: Error occurred at URL: /css/home.css
Jul-14-2021 15:02:07: ERROR: Error occurred at URL: /logo/logo.png
Jul-14-2021 15:02:09: ERROR: Error occurred at URL: /Ajeeb%20Dastaans
Jul-14-2021 15:02:09: ERROR: Error occurred at URL: /js/signup.js
Jul-14-2021 15:02:09: ERROR: Error occurred at URL: /swiper/swiper.min.js
Jul-14-2021 15:02:09: ERROR: Error occurred at URL: /css/tickets.css
Jul-14-2021 15:02:09: ERROR: Error occurred at URL: /css/signup.css
Jul-14-2021 15:02:09: ERROR: Error occurred at URL: /swiper/swiper.min.css
Jul-14-2021 15:02:09: ERROR: Error occurred at URL: /css/movie_page.css
Jul-14-2021 15:02:09: ERROR: Error occurred at URL: /logo/logo.png
Jul-14-2021 15:02:09: ERROR: Error occurred at URL: /image/x-icon
Jul-14-2021 15:02:10: ERROR: Error occurred at URL: /book/Ajeeb%20Dastaans
Jul-14-2021 15:02:11: ERROR: Error occurred at URL: /css/tickets.css
Jul-14-2021 15:02:11: ERROR: Error occurred at URL: /css/signup.css
Jul-14-2021 15:02:11: ERROR: Error occurred at URL: /css/book.css
Jul-14-2021 15:02:11: ERROR: Error occurred at URL: /swiper/swiper.min.css
Jul-14-2021 15:02:11: ERROR: Error occurred at URL: /css/seatcss.css
Jul-14-2021 15:02:11: ERROR: Error occurred at URL: /js/signup.js
Jul-14-2021 15:02:11: ERROR: Error occurred at URL: /swiper/swiper.min.js
Jul-14-2021 15:02:11: ERROR: Error occurred at URL: /logo/logo.png
Jul-14-2021 15:02:15: ERROR: Error occurred at URL: /Ajeeb%20Dastaans/payment
Jul-14-2021 15:03:20: ERROR: Error occurred at URL: /Ajeeb%20Dastaans/payment
Jul-14-2021 15:03:20: ERROR: Error occurred at URL: /login
Jul-14-2021 15:03:20: ERROR: Error occurred at URL: /js/signup.js
Jul-14-2021 15:03:20: ERROR: Error occurred at URL: /css/tickets.css
Jul-14-2021 15:03:20: ERROR: Error occurred at URL: /css/signup.css
Jul-14-2021 15:03:20: ERROR: Error occurred at URL: /logo/logo.png
Jul-14-2021 15:03:26: ERROR: Error occurred at URL: /login
Jul-14-2021 15:03:27: ERROR: Error occurred at URL: /
Jul-14-2021 15:03:27: ERROR: Error occurred at URL: /js/signup.js
Jul-14-2021 15:03:27: ERROR: Error occurred at URL: /swiper/swiper.min.js
Jul-14-2021 15:03:27: ERROR: Error occurred at URL: /css/tickets.css
Jul-14-2021 15:03:27: ERROR: Error occurred at URL: /css/signup.css
Jul-14-2021 15:03:27: ERROR: Error occurred at URL: /swiper/swiper.min.css
Jul-14-2021 15:03:27: ERROR: Error occurred at URL: /css/home.css
Jul-14-2021 15:03:27: ERROR: Error occurred at URL: /logo/logo.png
Jul-14-2021 15:03:27: ERROR: Error occurred at URL: /icons/movie_industry.ico
Jul-14-2021 15:03:28: ERROR: Error occurred at URL: /Ajeeb%20Dastaans
Jul-14-2021 15:03:29: ERROR: Error occurred at URL: /css/tickets.css
Jul-14-2021 15:03:29: ERROR: Error occurred at URL: /css/signup.css
Jul-14-2021 15:03:29: ERROR: Error occurred at URL: /swiper/swiper.min.css
Jul-14-2021 15:03:29: ERROR: Error occurred at URL: /js/signup.js
Jul-14-2021 15:03:29: ERROR: Error occurred at URL: /swiper/swiper.min.js
Jul-14-2021 15:03:29: ERROR: Error occurred at URL: /css/movie_page.css
Jul-14-2021 15:03:29: ERROR: Error occurred at URL: /logo/logo.png
Jul-14-2021 15:03:29: ERROR: Error occurred at URL: /image/x-icon
Jul-14-2021 15:03:30: ERROR: Error occurred at URL: /book/Ajeeb%20Dastaans
Jul-14-2021 15:03:30: ERROR: Error occurred at URL: /css/tickets.css
Jul-14-2021 15:03:30: ERROR: Error occurred at URL: /css/signup.css
Jul-14-2021 15:03:30: ERROR: Error occurred at URL: /css/book.css
Jul-14-2021 15:03:30: ERROR: Error occurred at URL: /swiper/swiper.min.css
Jul-14-2021 15:03:30: ERROR: Error occurred at URL: /js/signup.js
Jul-14-2021 15:03:30: ERROR: Error occurred at URL: /css/seatcss.css
Jul-14-2021 15:03:30: ERROR: Error occurred at URL: /swiper/swiper.min.js
Jul-14-2021 15:03:30: ERROR: Error occurred at URL: /logo/logo.png
Jul-14-2021 15:03:30: ERROR: Error occurred at URL: /book/image/x-icon
Jul-14-2021 15:03:35: ERROR: Error occurred at URL: /Ajeeb%20Dastaans/payment
Jul-14-2021 15:03:58: ERROR: Error occurred at URL: /css/book.css
Jul-14-2021 15:04:00: ERROR: Error occurred at URL: /book/Ajeeb%20Dastaans
Jul-14-2021 15:04:00: ERROR: Error occurred at URL: /css/tickets.css
Jul-14-2021 15:04:00: ERROR: Error occurred at URL: /css/signup.css
Jul-14-2021 15:04:00: ERROR: Error occurred at URL: /css/book.css
Jul-14-2021 15:04:00: ERROR: Error occurred at URL: /swiper/swiper.min.css
Jul-14-2021 15:04:00: ERROR: Error occurred at URL: /css/seatcss.css
Jul-14-2021 15:04:00: ERROR: Error occurred at URL: /js/signup.js
Jul-14-2021 15:04:00: ERROR: Error occurred at URL: /swiper/swiper.min.js
Jul-14-2021 15:04:00: ERROR: Error occurred at URL: /logo/logo.png
Jul-14-2021 15:04:11: ERROR: Error occurred at URL: /book/Ajeeb%20Dastaans
Jul-14-2021 15:04:12: ERROR: Error occurred at URL: /css/tickets.css
Jul-14-2021 15:04:12: ERROR: Error occurred at URL: /css/signup.css
Jul-14-2021 15:04:12: ERROR: Error occurred at URL: /css/book.css
Jul-14-2021 15:04:12: ERROR: Error occurred at URL: /swiper/swiper.min.css
Jul-14-2021 15:04:12: ERROR: Error occurred at URL: /css/seatcss.css
Jul-14-2021 15:04:12: ERROR: Error occurred at URL: /swiper/swiper.min.js
Jul-14-2021 15:04:12: ERROR: Error occurred at URL: /js/signup.js
Jul-14-2021 15:04:12: ERROR: Error occurred at URL: /logo/logo.png
Jul-14-2021 15:04:16: ERROR: Error occurred at URL: /
Jul-14-2021 15:04:16: ERROR: Error occurred at URL: /css/tickets.css
Jul-14-2021 15:04:16: ERROR: Error occurred at URL: /css/signup.css
Jul-14-2021 15:04:16: ERROR: Error occurred at URL: /swiper/swiper.min.css
Jul-14-2021 15:04:16: ERROR: Error occurred at URL: /js/signup.js
Jul-14-2021 15:04:16: ERROR: Error occurred at URL: /swiper/swiper.min.js
Jul-14-2021 15:04:16: ERROR: Error occurred at URL: /logo/logo.png
Jul-14-2021 15:04:16: ERROR: Error occurred at URL: /css/home.css
Jul-14-2021 15:04:18: ERROR: Error occurred at URL: /Ajeeb%20Dastaans
Jul-14-2021 15:04:18: ERROR: Error occurred at URL: /css/tickets.css
Jul-14-2021 15:04:18: ERROR: Error occurred at URL: /css/signup.css
Jul-14-2021 15:04:18: ERROR: Error occurred at URL: /swiper/swiper.min.css
Jul-14-2021 15:04:18: ERROR: Error occurred at URL: /js/signup.js
Jul-14-2021 15:04:18: ERROR: Error occurred at URL: /swiper/swiper.min.js
Jul-14-2021 15:04:18: ERROR: Error occurred at URL: /logo/logo.png
Jul-14-2021 15:04:18: ERROR: Error occurred at URL: /css/movie_page.css
Jul-14-2021 15:04:20: ERROR: Error occurred at URL: /book/Ajeeb%20Dastaans
Jul-14-2021 15:04:20: ERROR: Error occurred at URL: /css/tickets.css
Jul-14-2021 15:04:20: ERROR: Error occurred at URL: /css/signup.css
Jul-14-2021 15:04:20: ERROR: Error occurred at URL: /css/book.css
Jul-14-2021 15:04:20: ERROR: Error occurred at URL: /swiper/swiper.min.css
Jul-14-2021 15:04:20: ERROR: Error occurred at URL: /css/seatcss.css
Jul-14-2021 15:04:20: ERROR: Error occurred at URL: /swiper/swiper.min.js
Jul-14-2021 15:04:20: ERROR: Error occurred at URL: /js/signup.js
Jul-14-2021 15:04:20: ERROR: Error occurred at URL: /logo/logo.png
Jul-14-2021 15:04:25: ERROR: Error occurred at URL: /Ajeeb%20Dastaans/payment
Jul-14-2021 15:04:25: ERROR: Error occurred at URL: /css/tickets.css
Jul-14-2021 15:04:25: ERROR: Error occurred at URL: /css/signup.css
Jul-14-2021 15:04:25: ERROR: Error occurred at URL: /swiper/swiper.min.css
Jul-14-2021 15:04:25: ERROR: Error occurred at URL: /js/signup.js
Jul-14-2021 15:04:25: ERROR: Error occurred at URL: /swiper/swiper.min.js
Jul-14-2021 15:04:25: ERROR: Error occurred at URL: /css/payment.css
Jul-14-2021 15:04:25: ERROR: Error occurred at URL: /logo/logo.png
Jul-14-2021 15:04:25: ERROR: Error occurred at URL: /Ajeeb%20Dastaans/image/x-icon
Jul-14-2021 15:17:48: ERROR: Error occurred at URL: /Ajeeb%20Dastaans/payment
Jul-14-2021 15:19:08: ERROR: Error occurred at URL: /Ajeeb%20Dastaans/payment
Jul-14-2021 15:19:59: ERROR: Error occurred at URL: /Ajeeb%20Dastaans/payment
Jul-14-2021 15:20:00: ERROR: Error occurred at URL: /css/tickets.css
Jul-14-2021 15:20:00: ERROR: Error occurred at URL: /css/signup.css
Jul-14-2021 15:20:00: ERROR: Error occurred at URL: /swiper/swiper.min.css
Jul-14-2021 15:20:00: ERROR: Error occurred at URL: /css/payment.css
Jul-14-2021 15:20:00: ERROR: Error occurred at URL: /js/signup.js
Jul-14-2021 15:20:00: ERROR: Error occurred at URL: /swiper/swiper.min.js
Jul-14-2021 15:20:00: ERROR: Error occurred at URL: /logo/logo.png
Jul-14-2021 15:20:00: ERROR: Error occurred at URL: /Ajeeb%20Dastaans/image/x-icon
Jul-14-2021 15:20:10: ERROR: Error occurred at URL: /
Jul-14-2021 15:20:11: ERROR: Error occurred at URL: /css/tickets.css
Jul-14-2021 15:20:11: ERROR: Error occurred at URL: /css/signup.css
Jul-14-2021 15:20:11: ERROR: Error occurred at URL: /swiper/swiper.min.css
Jul-14-2021 15:20:11: ERROR: Error occurred at URL: /js/signup.js
Jul-14-2021 15:20:11: ERROR: Error occurred at URL: /swiper/swiper.min.js
Jul-14-2021 15:20:11: ERROR: Error occurred at URL: /logo/logo.png
Jul-14-2021 15:20:11: ERROR: Error occurred at URL: /css/home.css
Jul-14-2021 15:20:11: ERROR: Error occurred at URL: /icons/movie_industry.ico
Jul-14-2021 15:20:14: ERROR: Error occurred at URL: /logout
Jul-14-2021 15:20:14: ERROR: Error occurred at URL: /login
Jul-14-2021 15:20:14: ERROR: Error occurred at URL: /js/signup.js
Jul-14-2021 15:20:14: ERROR: Error occurred at URL: /css/tickets.css
Jul-14-2021 15:20:14: ERROR: Error occurred at URL: /css/signup.css
Jul-14-2021 15:20:14: ERROR: Error occurred at URL: /logo/logo.png
Jul-14-2021 15:20:14: ERROR: Error occurred at URL: /icons/movie_industry.ico
Jul-14-2021 15:20:22: ERROR: Error occurred at URL: /login
Jul-14-2021 15:20:23: ERROR: Error occurred at URL: /
Jul-14-2021 15:20:23: ERROR: Error occurred at URL: /css/tickets.css
Jul-14-2021 15:20:23: ERROR: Error occurred at URL: /css/signup.css
Jul-14-2021 15:20:23: ERROR: Error occurred at URL: /js/signup.js
Jul-14-2021 15:20:23: ERROR: Error occurred at URL: /swiper/swiper.min.js
Jul-14-2021 15:20:23: ERROR: Error occurred at URL: /css/home.css
Jul-14-2021 15:20:23: ERROR: Error occurred at URL: /swiper/swiper.min.css
Jul-14-2021 15:20:23: ERROR: Error occurred at URL: /logo/logo.png
Jul-14-2021 15:20:24: ERROR: Error occurred at URL: /Ajeeb%20Dastaans
Jul-14-2021 15:20:24: ERROR: Error occurred at URL: /css/tickets.css
Jul-14-2021 15:20:24: ERROR: Error occurred at URL: /css/signup.css
Jul-14-2021 15:20:24: ERROR: Error occurred at URL: /swiper/swiper.min.css
Jul-14-2021 15:20:24: ERROR: Error occurred at URL: /js/signup.js
Jul-14-2021 15:20:24: ERROR: Error occurred at URL: /swiper/swiper.min.js
Jul-14-2021 15:20:24: ERROR: Error occurred at URL: /logo/logo.png
Jul-14-2021 15:20:24: ERROR: Error occurred at URL: /css/movie_page.css
Jul-14-2021 15:20:25: ERROR: Error occurred at URL: /image/x-icon
Jul-14-2021 15:20:26: ERROR: Error occurred at URL: /book/Ajeeb%20Dastaans
Jul-14-2021 15:20:26: ERROR: Error occurred at URL: /css/book.css
Jul-14-2021 15:20:26: ERROR: Error occurred at URL: /js/signup.js
Jul-14-2021 15:20:26: ERROR: Error occurred at URL: /swiper/swiper.min.js
Jul-14-2021 15:20:26: ERROR: Error occurred at URL: /css/tickets.css
Jul-14-2021 15:20:26: ERROR: Error occurred at URL: /css/signup.css
Jul-14-2021 15:20:26: ERROR: Error occurred at URL: /swiper/swiper.min.css
Jul-14-2021 15:20:26: ERROR: Error occurred at URL: /css/seatcss.css
Jul-14-2021 15:20:26: ERROR: Error occurred at URL: /logo/logo.png
Jul-14-2021 15:20:26: ERROR: Error occurred at URL: /book/image/x-icon
Jul-14-2021 15:20:31: ERROR: Error occurred at URL: /Ajeeb%20Dastaans/payment
Jul-14-2021 15:20:31: ERROR: Error occurred at URL: /css/tickets.css
Jul-14-2021 15:20:31: ERROR: Error occurred at URL: /css/signup.css
Jul-14-2021 15:20:31: ERROR: Error occurred at URL: /swiper/swiper.min.css
Jul-14-2021 15:20:31: ERROR: Error occurred at URL: /js/signup.js
Jul-14-2021 15:20:31: ERROR: Error occurred at URL: /swiper/swiper.min.js
Jul-14-2021 15:20:31: ERROR: Error occurred at URL: /logo/logo.png
Jul-14-2021 15:20:31: ERROR: Error occurred at URL: /css/payment.css
Jul-14-2021 15:23:07: ERROR: Error occurred at URL: /Ajeeb%20Dastaans/payment
Jul-14-2021 15:23:07: ERROR: Error occurred at URL: /login
Jul-14-2021 15:23:07: ERROR: Error occurred at URL: /css/tickets.css
Jul-14-2021 15:23:07: ERROR: Error occurred at URL: /css/signup.css
Jul-14-2021 15:23:07: ERROR: Error occurred at URL: /js/signup.js
Jul-14-2021 15:23:07: ERROR: Error occurred at URL: /logo/logo.png
Jul-14-2021 15:23:15: ERROR: Error occurred at URL: /login
Jul-14-2021 15:23:15: ERROR: Error occurred at URL: /
Jul-14-2021 15:23:16: ERROR: Error occurred at URL: /js/signup.js
Jul-14-2021 15:23:16: ERROR: Error occurred at URL: /css/tickets.css
Jul-14-2021 15:23:16: ERROR: Error occurred at URL: /css/signup.css
Jul-14-2021 15:23:16: ERROR: Error occurred at URL: /swiper/swiper.min.css
Jul-14-2021 15:23:16: ERROR: Error occurred at URL: /css/home.css
Jul-14-2021 15:23:16: ERROR: Error occurred at URL: /swiper/swiper.min.js
Jul-14-2021 15:23:16: ERROR: Error occurred at URL: /logo/logo.png
Jul-14-2021 15:23:18: ERROR: Error occurred at URL: /Ajeeb%20Dastaans
Jul-14-2021 15:23:18: ERROR: Error occurred at URL: /css/tickets.css
Jul-14-2021 15:23:18: ERROR: Error occurred at URL: /css/signup.css
Jul-14-2021 15:23:18: ERROR: Error occurred at URL: /swiper/swiper.min.css
Jul-14-2021 15:23:18: ERROR: Error occurred at URL: /js/signup.js
Jul-14-2021 15:23:18: ERROR: Error occurred at URL: /swiper/swiper.min.js
Jul-14-2021 15:23:18: ERROR: Error occurred at URL: /css/movie_page.css
Jul-14-2021 15:23:18: ERROR: Error occurred at URL: /logo/logo.png
Jul-14-2021 15:23:19: ERROR: Error occurred at URL: /book/Ajeeb%20Dastaans
Jul-14-2021 15:23:19: ERROR: Error occurred at URL: /css/tickets.css
Jul-14-2021 15:23:19: ERROR: Error occurred at URL: /css/signup.css
Jul-14-2021 15:23:19: ERROR: Error occurred at URL: /css/book.css
Jul-14-2021 15:23:19: ERROR: Error occurred at URL: /swiper/swiper.min.css
Jul-14-2021 15:23:19: ERROR: Error occurred at URL: /js/signup.js
Jul-14-2021 15:23:19: ERROR: Error occurred at URL: /swiper/swiper.min.js
Jul-14-2021 15:23:19: ERROR: Error occurred at URL: /css/seatcss.css
Jul-14-2021 15:23:19: ERROR: Error occurred at URL: /logo/logo.png
Jul-14-2021 15:23:23: ERROR: Error occurred at URL: /Ajeeb%20Dastaans/payment
Jul-14-2021 15:23:23: ERROR: Error occurred at URL: /css/tickets.css
Jul-14-2021 15:23:23: ERROR: Error occurred at URL: /css/signup.css
Jul-14-2021 15:23:23: ERROR: Error occurred at URL: /swiper/swiper.min.css
Jul-14-2021 15:23:24: ERROR: Error occurred at URL: /js/signup.js
Jul-14-2021 15:23:24: ERROR: Error occurred at URL: /swiper/swiper.min.js
Jul-14-2021 15:23:24: ERROR: Error occurred at URL: /css/payment.css
Jul-14-2021 15:23:24: ERROR: Error occurred at URL: /logo/logo.png
Jul-14-2021 15:23:49: ERROR: Error occurred at URL: /Ajeeb%20Dastaans/payment
Jul-14-2021 15:23:49: ERROR: Error occurred at URL: /login
Jul-14-2021 15:23:49: ERROR: Error occurred at URL: /css/tickets.css
Jul-14-2021 15:23:49: ERROR: Error occurred at URL: /css/signup.css
Jul-14-2021 15:23:49: ERROR: Error occurred at URL: /js/signup.js
Jul-14-2021 15:23:49: ERROR: Error occurred at URL: /logo/logo.png
Jul-14-2021 15:23:55: ERROR: Error occurred at URL: /login
Jul-14-2021 15:23:55: ERROR: Error occurred at URL: /
Jul-14-2021 15:23:55: ERROR: Error occurred at URL: /css/tickets.css
Jul-14-2021 15:23:55: ERROR: Error occurred at URL: /css/signup.css
Jul-14-2021 15:23:55: ERROR: Error occurred at URL: /js/signup.js
Jul-14-2021 15:23:55: ERROR: Error occurred at URL: /swiper/swiper.min.js
Jul-14-2021 15:23:55: ERROR: Error occurred at URL: /css/home.css
Jul-14-2021 15:23:55: ERROR: Error occurred at URL: /swiper/swiper.min.css
Jul-14-2021 15:23:55: ERROR: Error occurred at URL: /logo/logo.png
Jul-14-2021 15:23:56: ERROR: Error occurred at URL: /Ajeeb%20Dastaans
Jul-14-2021 15:23:57: ERROR: Error occurred at URL: /swiper/swiper.min.css
Jul-14-2021 15:23:57: ERROR: Error occurred at URL: /js/signup.js
Jul-14-2021 15:23:57: ERROR: Error occurred at URL: /logo/logo.png
Jul-14-2021 15:23:57: ERROR: Error occurred at URL: /css/tickets.css
Jul-14-2021 15:23:57: ERROR: Error occurred at URL: /css/signup.css
Jul-14-2021 15:23:57: ERROR: Error occurred at URL: /css/movie_page.css
Jul-14-2021 15:23:57: ERROR: Error occurred at URL: /swiper/swiper.min.js
Jul-14-2021 15:23:58: ERROR: Error occurred at URL: /book/Ajeeb%20Dastaans
Jul-14-2021 15:23:58: ERROR: Error occurred at URL: /css/tickets.css
Jul-14-2021 15:23:58: ERROR: Error occurred at URL: /css/signup.css
Jul-14-2021 15:23:58: ERROR: Error occurred at URL: /css/book.css
Jul-14-2021 15:23:58: ERROR: Error occurred at URL: /swiper/swiper.min.css
Jul-14-2021 15:23:58: ERROR: Error occurred at URL: /js/signup.js
Jul-14-2021 15:23:58: ERROR: Error occurred at URL: /swiper/swiper.min.js
Jul-14-2021 15:23:58: ERROR: Error occurred at URL: /css/seatcss.css
Jul-14-2021 15:23:58: ERROR: Error occurred at URL: /logo/logo.png
Jul-14-2021 15:24:02: ERROR: Error occurred at URL: /Ajeeb%20Dastaans/payment
Jul-14-2021 15:24:02: ERROR: Error occurred at URL: /css/tickets.css
Jul-14-2021 15:24:02: ERROR: Error occurred at URL: /css/signup.css
Jul-14-2021 15:24:02: ERROR: Error occurred at URL: /swiper/swiper.min.css
Jul-14-2021 15:24:02: ERROR: Error occurred at URL: /js/signup.js
Jul-14-2021 15:24:02: ERROR: Error occurred at URL: /swiper/swiper.min.js
Jul-14-2021 15:24:02: ERROR: Error occurred at URL: /css/payment.css
Jul-14-2021 15:24:02: ERROR: Error occurred at URL: /logo/logo.png
Jul-14-2021 15:24:31: ERROR: Error occurred at URL: /css/book.css
Jul-14-2021 15:26:17: ERROR: Error occurred at URL: /Ajeeb%20Dastaans/payment
Jul-14-2021 15:26:18: ERROR: Error occurred at URL: /css/tickets.css
Jul-14-2021 15:26:18: ERROR: Error occurred at URL: /css/signup.css
Jul-14-2021 15:26:18: ERROR: Error occurred at URL: /swiper/swiper.min.css
Jul-14-2021 15:26:18: ERROR: Error occurred at URL: /css/payment.css
Jul-14-2021 15:26:18: ERROR: Error occurred at URL: /js/signup.js
Jul-14-2021 15:26:18: ERROR: Error occurred at URL: /swiper/swiper.min.js
Jul-14-2021 15:26:18: ERROR: Error occurred at URL: /logo/logo.png
Jul-14-2021 15:26:51: ERROR: Error occurred at URL: /js/signup.js
Jul-14-2021 15:26:51: ERROR: Error occurred at URL: /Ajeeb%20Dastaans/payment
Jul-14-2021 15:26:58: ERROR: Error occurred at URL: /css/book.css
Jul-14-2021 15:26:58: ERROR: Error occurred at URL: /css/tickets.css
Jul-14-2021 15:26:58: ERROR: Error occurred at URL: /css/signup.css
Jul-14-2021 15:27:01: ERROR: Error occurred at URL: /book/Ajeeb%20Dastaans
Jul-14-2021 15:27:01: ERROR: Error occurred at URL: /css/tickets.css
Jul-14-2021 15:27:01: ERROR: Error occurred at URL: /css/signup.css
Jul-14-2021 15:27:01: ERROR: Error occurred at URL: /css/book.css
Jul-14-2021 15:27:01: ERROR: Error occurred at URL: /swiper/swiper.min.js
Jul-14-2021 15:27:01: ERROR: Error occurred at URL: /swiper/swiper.min.css
Jul-14-2021 15:27:01: ERROR: Error occurred at URL: /css/seatcss.css
Jul-14-2021 15:27:01: ERROR: Error occurred at URL: /js/signup.js
Jul-14-2021 15:27:01: ERROR: Error occurred at URL: /logo/logo.png
Jul-14-2021 15:27:14: ERROR: Error occurred at URL: /Ajeeb%20Dastaans/payment
Jul-14-2021 15:27:14: ERROR: Error occurred at URL: /js/signup.js
Jul-14-2021 15:27:14: ERROR: Error occurred at URL: /css/tickets.css
Jul-14-2021 15:27:14: ERROR: Error occurred at URL: /css/signup.css
Jul-14-2021 15:27:14: ERROR: Error occurred at URL: /swiper/swiper.min.css
Jul-14-2021 15:27:14: ERROR: Error occurred at URL: /css/payment.css
Jul-14-2021 15:27:14: ERROR: Error occurred at URL: /swiper/swiper.min.js
Jul-14-2021 15:27:14: ERROR: Error occurred at URL: /logo/logo.png
Jul-14-2021 15:27:14: ERROR: Error occurred at URL: /Ajeeb%20Dastaans/image/x-icon
Jul-14-2021 15:30:02: ERROR: Error occurred at URL: /book/Ajeeb%20Dastaans
Jul-14-2021 15:30:02: ERROR: Error occurred at URL: /css/book.css
Jul-14-2021 15:30:02: ERROR: Error occurred at URL: /css/seatcss.css
Jul-14-2021 15:30:09: ERROR: Error occurred at URL: /Ajeeb%20Dastaans/payment
Jul-14-2021 15:30:09: ERROR: Error occurred at URL: /css/tickets.css
Jul-14-2021 15:30:09: ERROR: Error occurred at URL: /css/signup.css
Jul-14-2021 15:30:09: ERROR: Error occurred at URL: /swiper/swiper.min.css
Jul-14-2021 15:30:09: ERROR: Error occurred at URL: /css/payment.css
Jul-14-2021 15:30:09: ERROR: Error occurred at URL: /js/signup.js
Jul-14-2021 15:30:09: ERROR: Error occurred at URL: /swiper/swiper.min.js
Jul-14-2021 15:30:09: ERROR: Error occurred at URL: /logo/logo.png
Jul-14-2021 15:31:07: ERROR: Error occurred at URL: /css/book.css
Jul-14-2021 15:31:55: ERROR: Error occurred at URL: /book/Ajeeb%20Dastaans
Jul-14-2021 15:31:55: ERROR: Error occurred at URL: /login
Jul-14-2021 15:31:55: ERROR: Error occurred at URL: /css/tickets.css
Jul-14-2021 15:31:55: ERROR: Error occurred at URL: /css/signup.css
Jul-14-2021 15:31:55: ERROR: Error occurred at URL: /js/signup.js
Jul-14-2021 15:31:55: ERROR: Error occurred at URL: /logo/logo.png
Jul-14-2021 15:31:55: ERROR: Error occurred at URL: /icons/movie_industry.ico
Jul-14-2021 15:32:04: ERROR: Error occurred at URL: /login
Jul-14-2021 15:32:04: ERROR: Error occurred at URL: /
Jul-14-2021 15:32:04: ERROR: Error occurred at URL: /css/tickets.css
Jul-14-2021 15:32:04: ERROR: Error occurred at URL: /css/signup.css
Jul-14-2021 15:32:04: ERROR: Error occurred at URL: /swiper/swiper.min.css
Jul-14-2021 15:32:04: ERROR: Error occurred at URL: /js/signup.js
Jul-14-2021 15:32:04: ERROR: Error occurred at URL: /swiper/swiper.min.js
Jul-14-2021 15:32:04: ERROR: Error occurred at URL: /css/home.css
Jul-14-2021 15:32:04: ERROR: Error occurred at URL: /logo/logo.png
Jul-14-2021 15:32:06: ERROR: Error occurred at URL: /Ajeeb%20Dastaans
Jul-14-2021 15:32:06: ERROR: Error occurred at URL: /css/tickets.css
Jul-14-2021 15:32:06: ERROR: Error occurred at URL: /css/signup.css
Jul-14-2021 15:32:06: ERROR: Error occurred at URL: /swiper/swiper.min.css
Jul-14-2021 15:32:06: ERROR: Error occurred at URL: /js/signup.js
Jul-14-2021 15:32:06: ERROR: Error occurred at URL: /swiper/swiper.min.js
Jul-14-2021 15:32:06: ERROR: Error occurred at URL: /css/movie_page.css
Jul-14-2021 15:32:06: ERROR: Error occurred at URL: /logo/logo.png
Jul-14-2021 15:32:06: ERROR: Error occurred at URL: /image/x-icon
Jul-14-2021 15:32:08: ERROR: Error occurred at URL: /book/Ajeeb%20Dastaans
Jul-14-2021 15:32:08: ERROR: Error occurred at URL: /css/tickets.css
Jul-14-2021 15:32:08: ERROR: Error occurred at URL: /css/signup.css
Jul-14-2021 15:32:08: ERROR: Error occurred at URL: /css/book.css
Jul-14-2021 15:32:08: ERROR: Error occurred at URL: /swiper/swiper.min.css
Jul-14-2021 15:32:08: ERROR: Error occurred at URL: /css/seatcss.css
Jul-14-2021 15:32:08: ERROR: Error occurred at URL: /swiper/swiper.min.js
Jul-14-2021 15:32:08: ERROR: Error occurred at URL: /js/signup.js
Jul-14-2021 15:32:08: ERROR: Error occurred at URL: /logo/logo.png
Jul-14-2021 15:32:18: ERROR: Error occurred at URL: /Ajeeb%20Dastaans/payment
Jul-14-2021 15:32:18: ERROR: Error occurred at URL: /css/tickets.css
Jul-14-2021 15:32:18: ERROR: Error occurred at URL: /css/signup.css
Jul-14-2021 15:32:18: ERROR: Error occurred at URL: /swiper/swiper.min.css
Jul-14-2021 15:32:18: ERROR: Error occurred at URL: /css/payment.css
Jul-14-2021 15:32:18: ERROR: Error occurred at URL: /js/signup.js
Jul-14-2021 15:32:18: ERROR: Error occurred at URL: /swiper/swiper.min.js
Jul-14-2021 15:32:18: ERROR: Error occurred at URL: /logo/logo.png
Jul-14-2021 15:33:44: ERROR: Error occurred at URL: /css/book.css
Jul-14-2021 15:33:48: ERROR: Error occurred at URL: /Ajeeb%20Dastaans/payment
Jul-14-2021 15:33:48: ERROR: Error occurred at URL: /css/tickets.css
Jul-14-2021 15:33:48: ERROR: Error occurred at URL: /css/signup.css
Jul-14-2021 15:33:48: ERROR: Error occurred at URL: /swiper/swiper.min.css
Jul-14-2021 15:33:48: ERROR: Error occurred at URL: /css/payment.css
Jul-14-2021 15:33:48: ERROR: Error occurred at URL: /js/signup.js
Jul-14-2021 15:33:48: ERROR: Error occurred at URL: /swiper/swiper.min.js
Jul-14-2021 15:33:48: ERROR: Error occurred at URL: /logo/logo.png
Jul-14-2021 15:33:50: ERROR: Error occurred at URL: /css/book.css
Jul-14-2021 15:33:52: ERROR: Error occurred at URL: /book/Ajeeb%20Dastaans
Jul-14-2021 15:33:52: ERROR: Error occurred at URL: /css/tickets.css
Jul-14-2021 15:33:52: ERROR: Error occurred at URL: /css/signup.css
Jul-14-2021 15:33:52: ERROR: Error occurred at URL: /css/book.css
Jul-14-2021 15:33:52: ERROR: Error occurred at URL: /swiper/swiper.min.css
Jul-14-2021 15:33:52: ERROR: Error occurred at URL: /css/seatcss.css
Jul-14-2021 15:33:52: ERROR: Error occurred at URL: /js/signup.js
Jul-14-2021 15:33:52: ERROR: Error occurred at URL: /swiper/swiper.min.js
Jul-14-2021 15:33:52: ERROR: Error occurred at URL: /logo/logo.png
Jul-14-2021 15:33:55: ERROR: Error occurred at URL: /Ajeeb%20Dastaans/payment
Jul-14-2021 15:33:56: ERROR: Error occurred at URL: /css/tickets.css
Jul-14-2021 15:33:56: ERROR: Error occurred at URL: /css/signup.css
Jul-14-2021 15:33:56: ERROR: Error occurred at URL: /swiper/swiper.min.css
Jul-14-2021 15:33:56: ERROR: Error occurred at URL: /css/payment.css
Jul-14-2021 15:33:56: ERROR: Error occurred at URL: /js/signup.js
Jul-14-2021 15:33:56: ERROR: Error occurred at URL: /swiper/swiper.min.js
Jul-14-2021 15:33:56: ERROR: Error occurred at URL: /logo/logo.png
Jul-14-2021 15:35:15: ERROR: Error occurred at URL: /
Jul-14-2021 15:35:15: ERROR: Error occurred at URL: /login
Jul-14-2021 15:35:15: ERROR: Error occurred at URL: /css/tickets.css
Jul-14-2021 15:35:15: ERROR: Error occurred at URL: /js/signup.js
Jul-14-2021 15:35:15: ERROR: Error occurred at URL: /css/signup.css
Jul-14-2021 15:35:15: ERROR: Error occurred at URL: /logo/logo.png
Jul-14-2021 15:37:27: ERROR: Error occurred at URL: /css/book.css
Jul-14-2021 15:37:27: ERROR: Error occurred at URL: /book/image/x-icon
Jul-14-2021 15:37:28: ERROR: Error occurred at URL: /book/Ajeeb%20Dastaans
Jul-14-2021 15:37:29: ERROR: Error occurred at URL: /css/tickets.css
Jul-14-2021 15:37:29: ERROR: Error occurred at URL: /css/signup.css
Jul-14-2021 15:37:29: ERROR: Error occurred at URL: /css/book.css
Jul-14-2021 15:37:29: ERROR: Error occurred at URL: /swiper/swiper.min.css
Jul-14-2021 15:37:29: ERROR: Error occurred at URL: /swiper/swiper.min.js
Jul-14-2021 15:37:29: ERROR: Error occurred at URL: /css/seatcss.css
Jul-14-2021 15:37:29: ERROR: Error occurred at URL: /js/signup.js
Jul-14-2021 15:37:29: ERROR: Error occurred at URL: /logo/logo.png
Jul-14-2021 15:37:34: ERROR: Error occurred at URL: /Ajeeb%20Dastaans/payment
Jul-14-2021 15:38:17: ERROR: Error occurred at URL: /Ajeeb%20Dastaans/payment
Jul-14-2021 15:38:17: ERROR: Error occurred at URL: /login
Jul-14-2021 15:38:17: ERROR: Error occurred at URL: /css/tickets.css
Jul-14-2021 15:38:17: ERROR: Error occurred at URL: /css/signup.css
Jul-14-2021 15:38:17: ERROR: Error occurred at URL: /js/signup.js
Jul-14-2021 15:38:17: ERROR: Error occurred at URL: /logo/logo.png
Jul-14-2021 15:38:22: ERROR: Error occurred at URL: /login
Jul-14-2021 15:38:22: ERROR: Error occurred at URL: /
Jul-14-2021 15:38:23: ERROR: Error occurred at URL: /css/tickets.css
Jul-14-2021 15:38:23: ERROR: Error occurred at URL: /css/signup.css
Jul-14-2021 15:38:23: ERROR: Error occurred at URL: /swiper/swiper.min.css
Jul-14-2021 15:38:23: ERROR: Error occurred at URL: /js/signup.js
Jul-14-2021 15:38:23: ERROR: Error occurred at URL: /swiper/swiper.min.js
Jul-14-2021 15:38:23: ERROR: Error occurred at URL: /logo/logo.png
Jul-14-2021 15:38:23: ERROR: Error occurred at URL: /css/home.css
Jul-14-2021 15:38:26: ERROR: Error occurred at URL: /Ajeeb%20Dastaans
Jul-14-2021 15:38:26: ERROR: Error occurred at URL: /css/tickets.css
Jul-14-2021 15:38:26: ERROR: Error occurred at URL: /css/signup.css
Jul-14-2021 15:38:26: ERROR: Error occurred at URL: /swiper/swiper.min.css
Jul-14-2021 15:38:26: ERROR: Error occurred at URL: /js/signup.js
Jul-14-2021 15:38:26: ERROR: Error occurred at URL: /swiper/swiper.min.js
Jul-14-2021 15:38:26: ERROR: Error occurred at URL: /logo/logo.png
Jul-14-2021 15:38:26: ERROR: Error occurred at URL: /css/movie_page.css
Jul-14-2021 15:38:26: ERROR: Error occurred at URL: /image/x-icon
Jul-14-2021 15:38:46: ERROR: Error occurred at URL: /book/Ajeeb%20Dastaans
Jul-14-2021 15:38:46: ERROR: Error occurred at URL: /css/tickets.css
Jul-14-2021 15:38:46: ERROR: Error occurred at URL: /css/signup.css
Jul-14-2021 15:38:46: ERROR: Error occurred at URL: /css/book.css
Jul-14-2021 15:38:46: ERROR: Error occurred at URL: /swiper/swiper.min.css
Jul-14-2021 15:38:46: ERROR: Error occurred at URL: /js/signup.js
Jul-14-2021 15:38:46: ERROR: Error occurred at URL: /swiper/swiper.min.js
Jul-14-2021 15:38:46: ERROR: Error occurred at URL: /css/seatcss.css
Jul-14-2021 15:38:46: ERROR: Error occurred at URL: /logo/logo.png
Jul-14-2021 15:38:53: ERROR: Error occurred at URL: /Ajeeb%20Dastaans/payment
Jul-14-2021 15:38:53: ERROR: Error occurred at URL: /css/tickets.css
Jul-14-2021 15:38:53: ERROR: Error occurred at URL: /css/signup.css
Jul-14-2021 15:38:53: ERROR: Error occurred at URL: /swiper/swiper.min.css
Jul-14-2021 15:38:53: ERROR: Error occurred at URL: /js/signup.js
Jul-14-2021 15:38:53: ERROR: Error occurred at URL: /swiper/swiper.min.js
Jul-14-2021 15:38:53: ERROR: Error occurred at URL: /css/payment.css
Jul-14-2021 15:38:53: ERROR: Error occurred at URL: /logo/logo.png
Jul-14-2021 15:38:53: ERROR: Error occurred at URL: /Ajeeb%20Dastaans/image/x-icon
Jul-14-2021 15:40:12: ERROR: Error occurred at URL: /Ajeeb%20Dastaans/payment
Jul-14-2021 15:40:12: ERROR: Error occurred at URL: /login
Jul-14-2021 15:40:12: ERROR: Error occurred at URL: /css/tickets.css
Jul-14-2021 15:40:12: ERROR: Error occurred at URL: /css/signup.css
Jul-14-2021 15:40:12: ERROR: Error occurred at URL: /js/signup.js
Jul-14-2021 15:40:12: ERROR: Error occurred at URL: /logo/logo.png
Jul-14-2021 15:40:22: ERROR: Error occurred at URL: /login
Jul-14-2021 15:40:22: ERROR: Error occurred at URL: /login
Jul-14-2021 15:40:22: ERROR: Error occurred at URL: /css/tickets.css
Jul-14-2021 15:40:22: ERROR: Error occurred at URL: /css/signup.css
Jul-14-2021 15:40:22: ERROR: Error occurred at URL: /js/signup.js
Jul-14-2021 15:40:22: ERROR: Error occurred at URL: /logo/logo.png
Jul-14-2021 15:40:29: ERROR: Error occurred at URL: /login
Jul-14-2021 15:40:29: ERROR: Error occurred at URL: /
Jul-14-2021 15:40:29: ERROR: Error occurred at URL: /css/tickets.css
Jul-14-2021 15:40:29: ERROR: Error occurred at URL: /css/signup.css
Jul-14-2021 15:40:29: ERROR: Error occurred at URL: /js/signup.js
Jul-14-2021 15:40:29: ERROR: Error occurred at URL: /logo/logo.png
Jul-14-2021 15:40:29: ERROR: Error occurred at URL: /swiper/swiper.min.css
Jul-14-2021 15:40:29: ERROR: Error occurred at URL: /css/home.css
Jul-14-2021 15:40:29: ERROR: Error occurred at URL: /swiper/swiper.min.js
Jul-14-2021 15:40:31: ERROR: Error occurred at URL: /Ajeeb%20Dastaans
Jul-14-2021 15:40:31: ERROR: Error occurred at URL: /css/tickets.css
Jul-14-2021 15:40:31: ERROR: Error occurred at URL: /css/signup.css
Jul-14-2021 15:40:31: ERROR: Error occurred at URL: /swiper/swiper.min.css
Jul-14-2021 15:40:31: ERROR: Error occurred at URL: /js/signup.js
Jul-14-2021 15:40:31: ERROR: Error occurred at URL: /swiper/swiper.min.js
Jul-14-2021 15:40:31: ERROR: Error occurred at URL: /logo/logo.png
Jul-14-2021 15:40:31: ERROR: Error occurred at URL: /css/movie_page.css
Jul-14-2021 15:40:31: ERROR: Error occurred at URL: /image/x-icon
Jul-14-2021 15:40:35: ERROR: Error occurred at URL: /book/Ajeeb%20Dastaans
Jul-14-2021 15:40:35: ERROR: Error occurred at URL: /css/tickets.css
Jul-14-2021 15:40:35: ERROR: Error occurred at URL: /css/signup.css
Jul-14-2021 15:40:35: ERROR: Error occurred at URL: /css/book.css
Jul-14-2021 15:40:35: ERROR: Error occurred at URL: /swiper/swiper.min.css
Jul-14-2021 15:40:35: ERROR: Error occurred at URL: /js/signup.js
Jul-14-2021 15:40:35: ERROR: Error occurred at URL: /css/seatcss.css
Jul-14-2021 15:40:35: ERROR: Error occurred at URL: /swiper/swiper.min.js
Jul-14-2021 15:40:35: ERROR: Error occurred at URL: /logo/logo.png
Jul-14-2021 15:40:35: ERROR: Error occurred at URL: /book/image/x-icon
Jul-14-2021 15:40:40: ERROR: Error occurred at URL: /Ajeeb%20Dastaans/payment
Jul-14-2021 15:40:40: ERROR: Error occurred at URL: /css/tickets.css
Jul-14-2021 15:40:40: ERROR: Error occurred at URL: /css/signup.css
Jul-14-2021 15:40:40: ERROR: Error occurred at URL: /swiper/swiper.min.css
Jul-14-2021 15:40:40: ERROR: Error occurred at URL: /js/signup.js
Jul-14-2021 15:40:40: ERROR: Error occurred at URL: /swiper/swiper.min.js
Jul-14-2021 15:40:40: ERROR: Error occurred at URL: /logo/logo.png
Jul-14-2021 15:40:40: ERROR: Error occurred at URL: /css/payment.css
Jul-14-2021 15:40:40: ERROR: Error occurred at URL: /Ajeeb%20Dastaans/image/x-icon
