Jul-12-2021 12:05:03: INFO: /login
Jul-12-2021 12:05:03: INFO: /js/signup.js
Jul-12-2021 12:05:03: INFO: /css/tickets.css
Jul-12-2021 12:05:03: INFO: /css/signup.css
Jul-12-2021 12:05:03: INFO: /logo/logo.png
Jul-12-2021 12:05:04: INFO: /icons/movie_industry.ico
Jul-12-2021 12:08:10: INFO: /login
Jul-12-2021 12:08:11: INFO: /
Jul-12-2021 12:08:11: INFO: /js/signup.js
Jul-12-2021 12:08:11: INFO: /swiper/swiper.min.js
Jul-12-2021 12:08:11: INFO: /css/tickets.css
Jul-12-2021 12:08:11: INFO: /css/signup.css
Jul-12-2021 12:08:11: INFO: /swiper/swiper.min.css
Jul-12-2021 12:08:11: INFO: /css/home.css
Jul-12-2021 12:08:11: INFO: /logo/logo.png
Jul-12-2021 12:08:13: INFO: /logout
Jul-12-2021 12:08:13: INFO: /login
Jul-12-2021 12:08:13: INFO: /js/signup.js
Jul-12-2021 12:08:13: INFO: /logo/logo.png
Jul-12-2021 12:08:13: INFO: /css/tickets.css
Jul-12-2021 12:08:13: INFO: /css/signup.css
